2016-12-05 09:04:53|intdrainage_data success: 2016-11-30
2016-12-05 09:04:53|intdrainage_data end
2016-12-05 09:29:05|intdrainage_data start
2016-12-05 09:53:43|website_data end
2016-12-05 10:41:00|website_data end
2016-12-05 10:41:00|leads_data success: 2016-11-30
2016-12-05 10:41:00|leads_data end
2016-12-05 10:42:11|website_data end
2016-12-05 10:42:11|leads_data success: 2016-11-30
2016-12-05 10:42:11|leads_data end
2016-12-05 10:42:37|leads_data end
2016-12-05 11:06:24|cgroup_data success: 20161130
2016-12-05 11:06:24|cgroup_data end
2016-12-05 11:18:38|cgroup_data end
2016-12-05 11:29:50|site_data success: 20161130
2016-12-05 11:29:50|site_data end
2016-12-05 11:41:14|site_data end
2016-12-05 11:42:17|intdrainage_data success: 2016-11-30
2016-12-05 11:42:17|event_data end
2016-12-05 11:50:16|event_data end
2016-12-05 11:50:44|event_data end
2016-12-05 12:24:33|domain_data end
2016-12-05 13:30:06|click_data success: 2016-11-30
2016-12-05 13:30:06|intdrainagebegin_data begin
2016-12-05 13:32:27|intdrainage_data success: 2016-11-30
2016-12-05 13:32:27|intdrainagebegin_data end
2016-12-05 13:34:26|intdrainage_data success: 2016-11-30
2016-12-05 13:34:26|intdrainage_data start
2016-12-05 13:59:20|website_data end
2016-12-05 13:59:20|leads_data success: 2016-11-30
2016-12-05 13:59:20|leads_data end
2016-12-05 14:23:11|cgroup_data success: 20161130
2016-12-05 14:23:11|cgroup_data end
2016-12-05 14:33:56|site_data success: 20161130
2016-12-05 14:33:56|site_data end
2016-12-05 14:34:59|intdrainage_data success: 2016-11-30
2016-12-05 14:34:59|event_data end
2016-12-05 15:09:42|domain_data end
2016-12-05 15:25:01|click_data success: 2016-12-02
2016-12-05 15:27:12|click_data success: 2016-12-02
2016-12-05 15:31:30|click_data success: 2016-12-02
2016-12-05 15:32:02|click_data success: 2016-12-02
